2023-08-30 06:37:20 +0000  Initial pipeline context: <IDEDistributionProcessingPipelineContext: 0x141e1e4c0; archive(resolved)="<IDEArchive: 0x6000335a1b60>", distributionTask(resolved)="2", distributionDestination(resolved)="1", distributionMethod(resolved)="<IDEDistributionMethodiOSAppStoreDistribution: 0x6000512bc9f0>", team(resolved)="<IDEProvisioningDisambiguatableBasicTeam: 0x600000fdb440; teamID='5N85PP82A9', teamName='BRYTECAM TECHNOLOGIES PRIVATE LIMITED', teamType='Company', username='yogesh@100ms.live', isFreeProvisioningTeam='0'>">
	Chain (16, self inclusive):
	<IDEDistributionProcessingPipelineContext: 0x141e1e4c0; archive = "<IDEArchive: 0x6000335a1b60>", distributionMethod="<IDEDistributionMethodiOSAppStoreDistribution: 0x6000512bc9f0>", team="<IDEProvisioningDisambiguatableBasicTeam: 0x600000fdb440; teamID='5N85PP82A9', teamName='BRYTECAM TECHNOLOGIES PRIVATE LIMITED', teamType='Company', username='yogesh@100ms.live', isFreeProvisioningTeam='0'>">
	<IDEDistributionProcessingPipelineContext: 0x141e83230; archive = "<IDEArchive: 0x6000335a1b60>", distributionMethod="<IDEDistributionMethodiOSAppStoreDistribution: 0x6000512bc9f0>", team="<IDEProvisioningDisambiguatableBasicTeam: 0x600000fdb440; teamID='5N85PP82A9', teamName='BRYTECAM TECHNOLOGIES PRIVATE LIMITED', teamType='Company', username='yogesh@100ms.live', isFreeProvisioningTeam='0'>">
	<IDEDistributionContext: 0x1695043a0; archive = "<IDEArchive: 0x6000335a1b60>", distributionMethod="<IDEDistributionMethodiOSAppStoreDistribution: 0x6000512bc9f0>", team="<IDEProvisioningDisambiguatableBasicTeam: 0x600000fdb440; teamID='5N85PP82A9', teamName='BRYTECAM TECHNOLOGIES PRIVATE LIMITED', teamType='Company', username='yogesh@100ms.live', isFreeProvisioningTeam='0'>">
	<IDEDistributionContext: 0x123666f50; archive = "<IDEArchive: 0x6000335a1b60>", distributionMethod="<IDEDistributionMethodiOSAppStoreDistribution: 0x6000512bc9f0>", team="<IDEProvisioningDisambiguatableBasicTeam: 0x600000fdb440; teamID='5N85PP82A9', teamName='BRYTECAM TECHNOLOGIES PRIVATE LIMITED', teamType='Company', username='yogesh@100ms.live', isFreeProvisioningTeam='0'>">
	<IDEDistributionContext: 0x1230f1fd0; archive = "<IDEArchive: 0x6000335a1b60>", distributionMethod="<IDEDistributionMethodiOSAppStoreDistribution: 0x6000512bc9f0>", team="<IDEProvisioningDisambiguatableBasicTeam: 0x600000fdb440; teamID='5N85PP82A9', teamName='BRYTECAM TECHNOLOGIES PRIVATE LIMITED', teamType='Company', username='yogesh@100ms.live', isFreeProvisioningTeam='0'>">
	<IDEDistributionContext: 0x1233fa580; archive = "<IDEArchive: 0x6000335a1b60>", distributionMethod="<IDEDistributionMethodiOSAppStoreDistribution: 0x6000512bc9f0>", team="<IDEProvisioningDisambiguatableBasicTeam: 0x600000fdb440; teamID='5N85PP82A9', teamName='BRYTECAM TECHNOLOGIES PRIVATE LIMITED', teamType='Company', username='yogesh@100ms.live', isFreeProvisioningTeam='0'>">
	<IDEDistributionContext: 0x123626ef0; archive = "<IDEArchive: 0x6000335a1b60>", distributionMethod="<IDEDistributionMethodiOSAppStoreDistribution: 0x6000512bc9f0>", team="<IDEProvisioningDisambiguatableBasicTeam: 0x600000fdb440; teamID='5N85PP82A9', teamName='BRYTECAM TECHNOLOGIES PRIVATE LIMITED', teamType='Company', username='yogesh@100ms.live', isFreeProvisioningTeam='0'>">
	<IDEDistributionContext: 0x1430c6ef0; archive = "<IDEArchive: 0x6000335a1b60>", distributionMethod="<IDEDistributionMethodiOSAppStoreDistribution: 0x6000512bc9f0>", team="<IDEProvisioningDisambiguatableBasicTeam: 0x600000fdb440; teamID='5N85PP82A9', teamName='BRYTECAM TECHNOLOGIES PRIVATE LIMITED', teamType='Company', username='yogesh@100ms.live', isFreeProvisioningTeam='0'>">
	<IDEDistributionContext: 0x2b22da270; archive = "<IDEArchive: 0x6000335a1b60>", distributionMethod="<IDEDistributionMethodiOSAppStoreDistribution: 0x6000512bc9f0>", team="<IDEProvisioningDisambiguatableBasicTeam: 0x600000fdb440; teamID='5N85PP82A9', teamName='BRYTECAM TECHNOLOGIES PRIVATE LIMITED', teamType='Company', username='yogesh@100ms.live', isFreeProvisioningTeam='0'>">
	<IDEDistributionContext: 0x2b22d9680; archive = "<IDEArchive: 0x6000335a1b60>", distributionMethod="<IDEDistributionMethodiOSAppStoreDistribution: 0x6000512bc9f0>", team="<IDEProvisioningDisambiguatableBasicTeam: 0x600000fdb440; teamID='5N85PP82A9', teamName='BRYTECAM TECHNOLOGIES PRIVATE LIMITED', teamType='Company', username='yogesh@100ms.live', isFreeProvisioningTeam='0'>">
	<IDEDistributionContext: 0x2b3575e90; archive = "<IDEArchive: 0x6000335a1b60>", distributionMethod="<IDEDistributionMethodiOSAppStoreDistribution: 0x6000512bc9f0>", team="<IDEProvisioningDisambiguatableBasicTeam: 0x600000fdb440; teamID='5N85PP82A9', teamName='BRYTECAM TECHNOLOGIES PRIVATE LIMITED', teamType='Company', username='yogesh@100ms.live', isFreeProvisioningTeam='0'>">
	<IDEDistributionContext: 0x2a77b2e20; archive = "<IDEArchive: 0x6000335a1b60>", distributionMethod="<IDEDistributionMethodiOSAppStoreDistribution: 0x6000512bc9f0>", team="<IDEProvisioningDisambiguatableBasicTeam: 0x600000fdb440; teamID='5N85PP82A9', teamName='BRYTECAM TECHNOLOGIES PRIVATE LIMITED', teamType='Company', username='yogesh@100ms.live', isFreeProvisioningTeam='0'>">
	<IDEDistributionContext: 0x2b22b8fb0; archive = "<IDEArchive: 0x6000335a1b60>", distributionMethod="<IDEDistributionMethodiOSAppStoreDistribution: 0x6000512bc9f0>", team="<IDEProvisioningDisambiguatableBasicTeam: 0x600000fdb440; teamID='5N85PP82A9', teamName='BRYTECAM TECHNOLOGIES PRIVATE LIMITED', teamType='Company', username='yogesh@100ms.live', isFreeProvisioningTeam='0'>">
	<IDEDistributionContext: 0x2a77ca0c0; archive = "<IDEArchive: 0x6000335a1b60>", distributionMethod="<IDEDistributionMethodiOSAppStoreDistribution: 0x6000512bc9f0>", team="(null)">
	<IDEDistributionContext: 0x2b3211a70; archive = "<IDEArchive: 0x6000335a1b60>", distributionMethod="<IDEDistributionMethodiOSAppStoreDistribution: 0x6000512bc9f0>", team="(null)">
	<IDEDistributionContext: 0x2b1ef68b0; archive = "<IDEArchive: 0x6000335a1b60>", distributionMethod="(null)", team="(null)">
</IDEDistributionProcessingPipelineContext: 0x141e1e4c0>
2023-08-30 06:37:20 +0000  Processing step: IDEDistributionCreateDestRootStep
2023-08-30 06:37:20 +0000  Processing step: IDEDistributionCopyItemStep
2023-08-30 06:37:20 +0000  Running /usr/bin/ditto '-V' '/Users/yogesh/Library/Developer/Xcode/Archives/2023-08-30/HMSPrebuiltSample 30-08-23, 12.05 PM.xcarchive/Products/Applications/HMSPrebuiltSample.app' '/var/folders/s4/2l096pdd0w95k0dcl4r7_d100000gn/T/XcodeDistPipeline.~~~of2ebo/Root/Payload/HMSPrebuiltSample.app'
2023-08-30 06:37:20 +0000  >>> Copying /Users/yogesh/Library/Developer/Xcode/Archives/2023-08-30/HMSPrebuiltSample 30-08-23, 12.05 PM.xcarchive/Products/Applications/HMSPrebuiltSample.app 
2023-08-30 06:37:20 +0000  copying file ./_CodeSignature/CodeResources ... 
2023-08-30 06:37:20 +0000  5860 bytes for ./_CodeSignature/CodeResources
2023-08-30 06:37:20 +0000  copying file ./SplashScreen.storyboardc/EXPO-VIEWCONTROLLER-1-view-EXPO-ContainerView.nib ... 
2023-08-30 06:37:20 +0000  2242 bytes for ./SplashScreen.storyboardc/EXPO-VIEWCONTROLLER-1-view-EXPO-ContainerView.nib
2023-08-30 06:37:20 +0000  copying file ./SplashScreen.storyboardc/SplashScreenViewController.nib ... 
2023-08-30 06:37:20 +0000  976 bytes for ./SplashScreen.storyboardc/SplashScreenViewController.nib
2023-08-30 06:37:20 +0000  copying file ./SplashScreen.storyboardc/Info.plist ... 
2023-08-30 06:37:20 +0000  225 bytes for ./SplashScreen.storyboardc/Info.plist
2023-08-30 06:37:20 +0000  copying file ./HMSPrebuiltSample ... 
2023-08-30 06:37:20 +0000  3914416 bytes for ./HMSPrebuiltSample
2023-08-30 06:37:20 +0000  copying file ./AccessibilityResources.bundle/en.lproj/Localizable.strings ... 
2023-08-30 06:37:20 +0000  518 bytes for ./AccessibilityResources.bundle/en.lproj/Localizable.strings
2023-08-30 06:37:20 +0000  copying file ./AccessibilityResources.bundle/Info.plist ... 
2023-08-30 06:37:20 +0000  793 bytes for ./AccessibilityResources.bundle/Info.plist
2023-08-30 06:37:20 +0000  copying file ./Assets.car ... 
2023-08-30 06:37:20 +0000  35855 bytes for ./Assets.car
2023-08-30 06:37:20 +0000  copying file ./main.jsbundle ... 
2023-08-30 06:37:20 +0000  1412619 bytes for ./main.jsbundle
2023-08-30 06:37:20 +0000  copying file ./EXConstants.bundle/app.config ... 
2023-08-30 06:37:20 +0000  156 bytes for ./EXConstants.bundle/app.config
2023-08-30 06:37:20 +0000  copying file ./EXConstants.bundle/Info.plist ... 
2023-08-30 06:37:20 +0000  769 bytes for ./EXConstants.bundle/Info.plist
2023-08-30 06:37:20 +0000  copying file ./Frameworks/libswift_Concurrency.dylib ... 
2023-08-30 06:37:20 +0000  557584 bytes for ./Frameworks/libswift_Concurrency.dylib
2023-08-30 06:37:20 +0000  copying file ./Frameworks/hermes.framework/_CodeSignature/CodeResources ... 
2023-08-30 06:37:20 +0000  1798 bytes for ./Frameworks/hermes.framework/_CodeSignature/CodeResources
2023-08-30 06:37:20 +0000  copying file ./Frameworks/hermes.framework/hermes ... 
2023-08-30 06:37:20 +0000  508276416 bytes for ./Frameworks/hermes.framework/hermes
2023-08-30 06:37:20 +0000  copying file ./Frameworks/hermes.framework/Info.plist ... 
2023-08-30 06:37:20 +0000  815 bytes for ./Frameworks/hermes.framework/Info.plist
2023-08-30 06:37:20 +0000  copying file ./embedded.mobileprovision ... 
2023-08-30 06:37:20 +0000  42858 bytes for ./embedded.mobileprovision
2023-08-30 06:37:20 +0000  copying file ./Info.plist ... 
2023-08-30 06:37:20 +0000  1328 bytes for ./Info.plist
2023-08-30 06:37:20 +0000  copying file ./Expo.plist ... 
2023-08-30 06:37:20 +0000  133 bytes for ./Expo.plist
2023-08-30 06:37:20 +0000  copying file ./PkgInfo ... 
2023-08-30 06:37:20 +0000  8 bytes for ./PkgInfo
2023-08-30 06:37:20 +0000  /usr/bin/ditto exited with 0
2023-08-30 06:37:20 +0000  Processing step: IDEDistributionEmbedProfileStep
2023-08-30 06:37:20 +0000  Skipping profile for item: <IDEDistributionItem: 0x6000335e0ea0; bundleID='dev.hermesengine.iphoneos', path='<DVTFilePath:0x6000138b5650:'/Users/yogesh/Library/Developer/Xcode/Archives/2023-08-30/HMSPrebuiltSample 30-08-23, 12.05 PM.xcarchive/Products/Applications/HMSPrebuiltSample.app/Frameworks/hermes.framework'>', codeSigningInfo='<_DVTCodeSigningInformation_Path: 0x60000b1ada90; isSigned='1', isAdHocSigned='0', signingCertificate='<DVTSigningCertificate: 0x60001670ce70; name='Apple Development: Yogesh Singh (67BD6X9RQ5)', hash='DED2563FCA7DF4E5E181FEE9F0DC4CFC9AA82B3C', serialNumber='7FFE2F9F58D1314DCC36E9BE02CD1803', certificateKinds='(
    "1.2.840.113635.100.6.1.12",
    "1.2.840.113635.100.6.1.2"
), issueDate='2023-03-07 07:53:53 +0000''>', entitlements='(null)', teamID='5N85PP82A9', identifier='dev.hermesengine.iphoneos', executablePath='<DVTFilePath:0x6000335a20a0:'/Users/yogesh/Library/Developer/Xcode/Archives/2023-08-30/HMSPrebuiltSample 30-08-23, 12.05 PM.xcarchive/Products/Applications/HMSPrebuiltSample.app/Frameworks/hermes.framework/hermes'>', hardenedRuntime='0'>'>
2023-08-30 06:37:20 +0000  Skipping profile for item: <IDEDistributionItem: 0x6000335e1260; bundleID='com.apple.dt.runtime.swiftConcurrency', path='<DVTFilePath:0x60001be60180:'/Users/yogesh/Library/Developer/Xcode/Archives/2023-08-30/HMSPrebuiltSample 30-08-23, 12.05 PM.xcarchive/Products/Applications/HMSPrebuiltSample.app/Frameworks/libswift_Concurrency.dylib'>', codeSigningInfo='<_DVTCodeSigningInformation_Path: 0x60000b1ac780; isSigned='1', isAdHocSigned='0', signingCertificate='<DVTSigningCertificate: 0x600016710420; name='Apple Development: Yogesh Singh (67BD6X9RQ5)', hash='DED2563FCA7DF4E5E181FEE9F0DC4CFC9AA82B3C', serialNumber='7FFE2F9F58D1314DCC36E9BE02CD1803', certificateKinds='(
    "1.2.840.113635.100.6.1.12",
    "1.2.840.113635.100.6.1.2"
), issueDate='2023-03-07 07:53:53 +0000''>', entitlements='(null)', teamID='5N85PP82A9', identifier='com.apple.dt.runtime.swiftConcurrency', executablePath='<DVTFilePath:0x60001be60180:'/Users/yogesh/Library/Developer/Xcode/Archives/2023-08-30/HMSPrebuiltSample 30-08-23, 12.05 PM.xcarchive/Products/Applications/HMSPrebuiltSample.app/Frameworks/libswift_Concurrency.dylib'>', hardenedRuntime='0'>'>
2023-08-30 06:37:20 +0000  Processing step: IDEDistributionInfoPlistStep
2023-08-30 06:37:20 +0000  Skipping setting DTXcodeBuildDistribution because toolsBuildVersionName was nil.
2023-08-30 06:37:20 +0000  No Info.plist file URL found for item at path "/var/folders/s4/2l096pdd0w95k0dcl4r7_d100000gn/T/XcodeDistPipeline.~~~of2ebo/Root/Payload/HMSPrebuiltSample.app/Frameworks/libswift_Concurrency.dylib".
2023-08-30 06:37:20 +0000  Skipping setting DTXcodeBuildDistribution because toolsBuildVersionName was nil.
2023-08-30 06:37:20 +0000  Processing step: IDEDistributionItemRemovalStep
2023-08-30 06:37:20 +0000  Processing step: IDEDistributionAppThinningPlistStep
2023-08-30 06:37:20 +0000  Skipping step: IDEDistributionAppThinningPlistStep because it said so
2023-08-30 06:37:20 +0000  Processing step: IDEDistributionCompileBitcodeStep
2023-08-30 06:37:20 +0000  Skipping step: IDEDistributionCompileBitcodeStep because it said so
2023-08-30 06:37:20 +0000  Processing step: IDEDistributionCodeSlimmingStep
2023-08-30 06:37:21 +0000  Running /Applications/Xcode.app/Contents/Developer/Toolchains/XcodeDefault.xctoolchain/usr/bin/bitcode_strip '/var/folders/s4/2l096pdd0w95k0dcl4r7_d100000gn/T/XcodeDistPipeline.~~~of2ebo/Root/Payload/HMSPrebuiltSample.app/Frameworks/hermes.framework/hermes' '-r' '-keep_cs' '-o' '/var/folders/s4/2l096pdd0w95k0dcl4r7_d100000gn/T/XcodeDistPipeline.~~~of2ebo/Root/Payload/HMSPrebuiltSample.app/Frameworks/hermes.framework/hermes'
2023-08-30 06:37:21 +0000  /Applications/Xcode.app/Contents/Developer/Toolchains/XcodeDefault.xctoolchain/usr/bin/bitcode_strip exited with 0
2023-08-30 06:37:21 +0000  Processing step: IDEDistributionCopyBCSymbolMapsStep
2023-08-30 06:37:21 +0000  Processing step: IDEDistributionSymbolsStep
2023-08-30 06:37:21 +0000  Processing symbols for hermes.framework
2023-08-30 06:37:21 +0000  Running /usr/bin/rsync '-8aPhhE' '/var/folders/s4/2l096pdd0w95k0dcl4r7_d100000gn/T/XcodeDistPipeline.~~~of2ebo/Root/Payload/HMSPrebuiltSample.app/Frameworks/hermes.framework' '--link-dest' '/var/folders/s4/2l096pdd0w95k0dcl4r7_d100000gn/T/XcodeDistPipeline.~~~of2ebo/Root/Payload/HMSPrebuiltSample.app/Frameworks' '/var/folders/s4/2l096pdd0w95k0dcl4r7_d100000gn/T/XcodeDistPipeline.~~~of2ebo'
2023-08-30 06:37:21 +0000  building file list ... 
2023-08-30 06:37:21 +0000   0 files...2023-08-30 06:37:21 +0000  5 files to consider
2023-08-30 06:37:21 +0000  hermes.framework/
2023-08-30 06:37:21 +0000  hermes.framework/_CodeSignature/
rsync: link "/var/folders/s4/2l096pdd0w95k0dcl4r7_d100000gn/T/XcodeDistPipeline.~~~of2ebo/hermes.framework/_CodeSignature/CodeResources" => /var/folders/s4/2l096pdd0w95k0dcl4r7_d100000gn/T/XcodeDistPipeline.~~~of2ebo/Root/Payload/HMSPrebuiltSample.app/Frameworks/hermes.framework/_CodeSignature/CodeResources failed: Operation not permitted (1)
2023-08-30 06:37:21 +0000  hermes.framework/_CodeSignature/CodeResources
2023-08-30 06:37:21 +0000  
2023-08-30 06:37:21 +0000  sent 222 bytes  received 38 bytes  520.00 bytes/sec
total size is 6.83M  speedup is 27530.76
2023-08-30 06:37:21 +0000  /usr/bin/rsync exited with 0
2023-08-30 06:37:21 +0000  Running /usr/bin/rsync '-8aPhhE' '/Users/yogesh/Library/Developer/Xcode/Archives/2023-08-30/HMSPrebuiltSample 30-08-23, 12.05 PM.xcarchive/dSYMs/' '--link-dest' '/Users/yogesh/Library/Developer/Xcode/Archives/2023-08-30/HMSPrebuiltSample 30-08-23, 12.05 PM.xcarchive/dSYMs/' '/var/folders/s4/2l096pdd0w95k0dcl4r7_d100000gn/T/XcodeDistPipeline.~~~of2ebo'
2023-08-30 06:37:21 +0000  building file list ... 
2023-08-30 06:37:21 +0000   0 files...2023-08-30 06:37:21 +0000  7 files to consider
2023-08-30 06:37:21 +0000  ./
2023-08-30 06:37:21 +0000  HMSPrebuiltSample.app.dSYM/
HMSPrebuiltSample.app.dSYM/Contents/
HMSPrebuiltSample.app.dSYM/Contents/Resources/
HMSPrebuiltSample.app.dSYM/Contents/Resources/DWARF/
2023-08-30 06:37:21 +0000  
2023-08-30 06:37:21 +0000  sent 259 bytes  received 50 bytes  618.00 bytes/sec
total size is 41.08M  speedup is 139388.10
2023-08-30 06:37:21 +0000  /usr/bin/rsync exited with 0
2023-08-30 06:37:21 +0000  Writing /var/folders/s4/2l096pdd0w95k0dcl4r7_d100000gn/T/XcodeDistPipeline.~~~of2ebo/Symbols/249B2B8E-BF47-3411-A979-71AF14681D5D.symbols
2023-08-30 06:37:21 +0000  Excluding symbols for libswift_Concurrency.dylib
2023-08-30 06:37:21 +0000  Processing symbols for HMSPrebuiltSample.app
2023-08-30 06:37:21 +0000  Running /usr/bin/rsync '-8aPhhE' '/var/folders/s4/2l096pdd0w95k0dcl4r7_d100000gn/T/XcodeDistPipeline.~~~of2ebo/Root/Payload/HMSPrebuiltSample.app' '--link-dest' '/var/folders/s4/2l096pdd0w95k0dcl4r7_d100000gn/T/XcodeDistPipeline.~~~of2ebo/Root/Payload' '/var/folders/s4/2l096pdd0w95k0dcl4r7_d100000gn/T/XcodeDistPipeline.~~~of2ebo'
2023-08-30 06:37:21 +0000  building file list ... 
2023-08-30 06:37:21 +0000   0 files...2023-08-30 06:37:21 +0000  28 files to consider
2023-08-30 06:37:21 +0000  HMSPrebuiltSample.app/
2023-08-30 06:37:21 +0000  HMSPrebuiltSample.app/AccessibilityResources.bundle/
HMSPrebuiltSample.app/AccessibilityResources.bundle/en.lproj/
HMSPrebuiltSample.app/EXConstants.bundle/
HMSPrebuiltSample.app/Frameworks/
HMSPrebuiltSample.app/Frameworks/hermes.framework/
HMSPrebuiltSample.app/Frameworks/hermes.framework/_CodeSignature/
HMSPrebuiltSample.app/SplashScreen.storyboardc/
HMSPrebuiltSample.app/_CodeSignature/
2023-08-30 06:37:21 +0000  
2023-08-30 06:37:21 +0000  sent 1.03K bytes  received 74 bytes  2.20K bytes/sec
total size is 12.50M  speedup is 11649.74
2023-08-30 06:37:21 +0000  /usr/bin/rsync exited with 0
2023-08-30 06:37:21 +0000  Running /usr/bin/rsync '-8aPhhE' '/Users/yogesh/Library/Developer/Xcode/Archives/2023-08-30/HMSPrebuiltSample 30-08-23, 12.05 PM.xcarchive/dSYMs/' '--link-dest' '/Users/yogesh/Library/Developer/Xcode/Archives/2023-08-30/HMSPrebuiltSample 30-08-23, 12.05 PM.xcarchive/dSYMs/' '/var/folders/s4/2l096pdd0w95k0dcl4r7_d100000gn/T/XcodeDistPipeline.~~~of2ebo'
2023-08-30 06:37:21 +0000  building file list ... 
2023-08-30 06:37:21 +0000   0 files...2023-08-30 06:37:21 +0000  7 files to consider
2023-08-30 06:37:21 +0000  ./
2023-08-30 06:37:21 +0000  HMSPrebuiltSample.app.dSYM/
HMSPrebuiltSample.app.dSYM/Contents/
HMSPrebuiltSample.app.dSYM/Contents/Resources/
HMSPrebuiltSample.app.dSYM/Contents/Resources/DWARF/
2023-08-30 06:37:21 +0000  
2023-08-30 06:37:21 +0000  sent 271 bytes  received 62 bytes  666.00 bytes/sec
total size is 41.08M  speedup is 129342.11
2023-08-30 06:37:21 +0000  /usr/bin/rsync exited with 0
2023-08-30 06:37:21 +0000  Writing /var/folders/s4/2l096pdd0w95k0dcl4r7_d100000gn/T/XcodeDistPipeline.~~~of2ebo/Symbols/D23A1FB0-8AD3-3AAB-AF5C-6B66B5BA68CC.symbols
2023-08-30 06:37:21 +0000  Processing step: IDEDistributionCopyAppleProvidedContentStep
2023-08-30 06:37:21 +0000  Running /usr/bin/ditto '-V' '/Users/yogesh/Library/Developer/Xcode/Archives/2023-08-30/HMSPrebuiltSample 30-08-23, 12.05 PM.xcarchive/SwiftSupport' '/var/folders/s4/2l096pdd0w95k0dcl4r7_d100000gn/T/XcodeDistPipeline.~~~of2ebo/Root/SwiftSupport'
2023-08-30 06:37:21 +0000  >>> Copying /Users/yogesh/Library/Developer/Xcode/Archives/2023-08-30/HMSPrebuiltSample 30-08-23, 12.05 PM.xcarchive/SwiftSupport 
2023-08-30 06:37:21 +0000  copying file ./iphoneos/libswift_Concurrency.dylib ... 
2023-08-30 06:37:21 +0000  10535439 bytes for ./iphoneos/libswift_Concurrency.dylib
2023-08-30 06:37:21 +0000  /usr/bin/ditto exited with 0
2023-08-30 06:37:21 +0000  Processing step: IDEDistributionAppThinningStep
2023-08-30 06:37:21 +0000  Skipping step: IDEDistributionAppThinningStep because it said so
2023-08-30 06:37:21 +0000  Processing step: IDEDistributionArchThinningStep
2023-08-30 06:37:21 +0000  Running /Applications/Xcode.app/Contents/Developer/Toolchains/XcodeDefault.xctoolchain/usr/bin/lipo '/var/folders/s4/2l096pdd0w95k0dcl4r7_d100000gn/T/XcodeDistPipeline.~~~of2ebo/Root/Payload/HMSPrebuiltSample.app/Frameworks/hermes.framework/hermes' '-verify_arch' 'arm64e'
2023-08-30 06:37:21 +0000  /Applications/Xcode.app/Contents/Developer/Toolchains/XcodeDefault.xctoolchain/usr/bin/lipo exited with 1
2023-08-30 06:37:21 +0000  Skipping architecture thinning for item "hermes" because arch "arm64e" wasn't found
2023-08-30 06:37:21 +0000  Running /Applications/Xcode.app/Contents/Developer/Toolchains/XcodeDefault.xctoolchain/usr/bin/lipo '/var/folders/s4/2l096pdd0w95k0dcl4r7_d100000gn/T/XcodeDistPipeline.~~~of2ebo/Root/Payload/HMSPrebuiltSample.app/Frameworks/libswift_Concurrency.dylib' '-verify_arch' 'arm64e'
2023-08-30 06:37:21 +0000  /Applications/Xcode.app/Contents/Developer/Toolchains/XcodeDefault.xctoolchain/usr/bin/lipo exited with 1
2023-08-30 06:37:21 +0000  Skipping architecture thinning for item "libswift_Concurrency.dylib" because arch "arm64e" wasn't found
2023-08-30 06:37:21 +0000  Running /Applications/Xcode.app/Contents/Developer/Toolchains/XcodeDefault.xctoolchain/usr/bin/lipo '/var/folders/s4/2l096pdd0w95k0dcl4r7_d100000gn/T/XcodeDistPipeline.~~~of2ebo/Root/Payload/HMSPrebuiltSample.app/HMSPrebuiltSample' '-verify_arch' 'arm64e'
2023-08-30 06:37:21 +0000  /Applications/Xcode.app/Contents/Developer/Toolchains/XcodeDefault.xctoolchain/usr/bin/lipo exited with 1
2023-08-30 06:37:21 +0000  Skipping architecture thinning for item "HMSPrebuiltSample" because arch "arm64e" wasn't found
2023-08-30 06:37:21 +0000  Processing step: IDEDistributionODRStep
2023-08-30 06:37:21 +0000  Processing step: IDEDistributionStripXattrsStep
2023-08-30 06:37:21 +0000  Skipping stripping extended attributes of item: <IDEDistributionItem: 0x6000335e0ea0; bundleID='dev.hermesengine.iphoneos', path='<DVTFilePath:0x6000138b5650:'/Users/yogesh/Library/Developer/Xcode/Archives/2023-08-30/HMSPrebuiltSample 30-08-23, 12.05 PM.xcarchive/Products/Applications/HMSPrebuiltSample.app/Frameworks/hermes.framework'>', codeSigningInfo='<_DVTCodeSigningInformation_Path: 0x60000b1ada90; isSigned='1', isAdHocSigned='0', signingCertificate='<DVTSigningCertificate: 0x600016738160; name='Apple Development: Yogesh Singh (67BD6X9RQ5)', hash='DED2563FCA7DF4E5E181FEE9F0DC4CFC9AA82B3C', serialNumber='7FFE2F9F58D1314DCC36E9BE02CD1803', certificateKinds='(
    "1.2.840.113635.100.6.1.12",
    "1.2.840.113635.100.6.1.2"
), issueDate='2023-03-07 07:53:53 +0000''>', entitlements='(null)', teamID='5N85PP82A9', identifier='dev.hermesengine.iphoneos', executablePath='<DVTFilePath:0x6000335a20a0:'/Users/yogesh/Library/Developer/Xcode/Archives/2023-08-30/HMSPrebuiltSample 30-08-23, 12.05 PM.xcarchive/Products/Applications/HMSPrebuiltSample.app/Frameworks/hermes.framework/hermes'>', hardenedRuntime='0'>'>
2023-08-30 06:37:21 +0000  Skipping stripping extended attributes of item: <IDEDistributionItem: 0x6000335e1260; bundleID='com.apple.dt.runtime.swiftConcurrency', path='<DVTFilePath:0x60001be60180:'/Users/yogesh/Library/Developer/Xcode/Archives/2023-08-30/HMSPrebuiltSample 30-08-23, 12.05 PM.xcarchive/Products/Applications/HMSPrebuiltSample.app/Frameworks/libswift_Concurrency.dylib'>', codeSigningInfo='<_DVTCodeSigningInformation_Path: 0x60000b1ac780; isSigned='1', isAdHocSigned='0', signingCertificate='<DVTSigningCertificate: 0x600016738160; name='Apple Development: Yogesh Singh (67BD6X9RQ5)', hash='DED2563FCA7DF4E5E181FEE9F0DC4CFC9AA82B3C', serialNumber='7FFE2F9F58D1314DCC36E9BE02CD1803', certificateKinds='(
    "1.2.840.113635.100.6.1.12",
    "1.2.840.113635.100.6.1.2"
), issueDate='2023-03-07 07:53:53 +0000''>', entitlements='(null)', teamID='5N85PP82A9', identifier='com.apple.dt.runtime.swiftConcurrency', executablePath='<DVTFilePath:0x60001be60180:'/Users/yogesh/Library/Developer/Xcode/Archives/2023-08-30/HMSPrebuiltSample 30-08-23, 12.05 PM.xcarchive/Products/Applications/HMSPrebuiltSample.app/Frameworks/libswift_Concurrency.dylib'>', hardenedRuntime='0'>'>
2023-08-30 06:37:21 +0000  Running /usr/bin/xattr '-crs' '/var/folders/s4/2l096pdd0w95k0dcl4r7_d100000gn/T/XcodeDistPipeline.~~~of2ebo/Root/Payload/HMSPrebuiltSample.app'
2023-08-30 06:37:21 +0000  /usr/bin/xattr exited with 0
2023-08-30 06:37:22 +0000  Processing step: IDEDistributionCodesignStep
2023-08-30 06:37:22 +0000  Entitlements for <IDEDistributionItem: 0x6000335e0ea0; bundleID='dev.hermesengine.iphoneos', path='<DVTFilePath:0x6000138b5650:'/Users/yogesh/Library/Developer/Xcode/Archives/2023-08-30/HMSPrebuiltSample 30-08-23, 12.05 PM.xcarchive/Products/Applications/HMSPrebuiltSample.app/Frameworks/hermes.framework'>', codeSigningInfo='<_DVTCodeSigningInformation_Path: 0x60000b1ada90; isSigned='1', isAdHocSigned='0', signingCertificate='<DVTSigningCertificate: 0x600016758210; name='Apple Development: Yogesh Singh (67BD6X9RQ5)', hash='DED2563FCA7DF4E5E181FEE9F0DC4CFC9AA82B3C', serialNumber='7FFE2F9F58D1314DCC36E9BE02CD1803', certificateKinds='(
    "1.2.840.113635.100.6.1.12",
    "1.2.840.113635.100.6.1.2"
), issueDate='2023-03-07 07:53:53 +0000''>', entitlements='(null)', teamID='5N85PP82A9', identifier='dev.hermesengine.iphoneos', executablePath='<DVTFilePath:0x6000335a20a0:'/Users/yogesh/Library/Developer/Xcode/Archives/2023-08-30/HMSPrebuiltSample 30-08-23, 12.05 PM.xcarchive/Products/Applications/HMSPrebuiltSample.app/Frameworks/hermes.framework/hermes'>', hardenedRuntime='0'>'>: {
}
2023-08-30 06:37:22 +0000  Entitlements for <IDEDistributionItem: 0x6000335e0ea0; bundleID='dev.hermesengine.iphoneos', path='<DVTFilePath:0x6000138b5650:'/Users/yogesh/Library/Developer/Xcode/Archives/2023-08-30/HMSPrebuiltSample 30-08-23, 12.05 PM.xcarchive/Products/Applications/HMSPrebuiltSample.app/Frameworks/hermes.framework'>', codeSigningInfo='<_DVTCodeSigningInformation_Path: 0x60000b1ada90; isSigned='1', isAdHocSigned='0', signingCertificate='<DVTSigningCertificate: 0x600016738210; name='Apple Development: Yogesh Singh (67BD6X9RQ5)', hash='DED2563FCA7DF4E5E181FEE9F0DC4CFC9AA82B3C', serialNumber='7FFE2F9F58D1314DCC36E9BE02CD1803', certificateKinds='(
    "1.2.840.113635.100.6.1.12",
    "1.2.840.113635.100.6.1.2"
), issueDate='2023-03-07 07:53:53 +0000''>', entitlements='(null)', teamID='5N85PP82A9', identifier='dev.hermesengine.iphoneos', executablePath='<DVTFilePath:0x6000335a20a0:'/Users/yogesh/Library/Developer/Xcode/Archives/2023-08-30/HMSPrebuiltSample 30-08-23, 12.05 PM.xcarchive/Products/Applications/HMSPrebuiltSample.app/Frameworks/hermes.framework/hermes'>', hardenedRuntime='0'>'> are: {
}
2023-08-30 06:37:22 +0000  Writing entitlements for <IDEDistributionItem: 0x6000335e0ea0; bundleID='dev.hermesengine.iphoneos', path='<DVTFilePath:0x6000138b5650:'/Users/yogesh/Library/Developer/Xcode/Archives/2023-08-30/HMSPrebuiltSample 30-08-23, 12.05 PM.xcarchive/Products/Applications/HMSPrebuiltSample.app/Frameworks/hermes.framework'>', codeSigningInfo='<_DVTCodeSigningInformation_Path: 0x60000b1ada90; isSigned='1', isAdHocSigned='0', signingCertificate='<DVTSigningCertificate: 0x600016738370; name='Apple Development: Yogesh Singh (67BD6X9RQ5)', hash='DED2563FCA7DF4E5E181FEE9F0DC4CFC9AA82B3C', serialNumber='7FFE2F9F58D1314DCC36E9BE02CD1803', certificateKinds='(
    "1.2.840.113635.100.6.1.12",
    "1.2.840.113635.100.6.1.2"
), issueDate='2023-03-07 07:53:53 +0000''>', entitlements='(null)', teamID='5N85PP82A9', identifier='dev.hermesengine.iphoneos', executablePath='<DVTFilePath:0x6000335a20a0:'/Users/yogesh/Library/Developer/Xcode/Archives/2023-08-30/HMSPrebuiltSample 30-08-23, 12.05 PM.xcarchive/Products/Applications/HMSPrebuiltSample.app/Frameworks/hermes.framework/hermes'>', hardenedRuntime='0'>'> to: /var/folders/s4/2l096pdd0w95k0dcl4r7_d100000gn/T/XcodeDistPipeline.~~~of2ebo/entitlements~~~q7fV3i
2023-08-30 06:37:22 +0000  Running /usr/bin/codesign '-vvv' '--force' '--sign' '63611E77D24E014297309837456FC26F05C2CCA8' '--entitlements' '/var/folders/s4/2l096pdd0w95k0dcl4r7_d100000gn/T/XcodeDistPipeline.~~~of2ebo/entitlements~~~q7fV3i' '--generate-entitlement-der' '--preserve-metadata=identifier,flags,runtime' '/var/folders/s4/2l096pdd0w95k0dcl4r7_d100000gn/T/XcodeDistPipeline.~~~of2ebo/Root/Payload/HMSPrebuiltSample.app/Frameworks/hermes.framework'
2023-08-30 06:37:22 +0000  /var/folders/s4/2l096pdd0w95k0dcl4r7_d100000gn/T/XcodeDistPipeline.~~~of2ebo/Root/Payload/HMSPrebuiltSample.app/Frameworks/hermes.framework: replacing existing signature
2023-08-30 06:37:22 +0000  /var/folders/s4/2l096pdd0w95k0dcl4r7_d100000gn/T/XcodeDistPipeline.~~~of2ebo/Root/Payload/HMSPrebuiltSample.app/Frameworks/hermes.framework: signed bundle with Mach-O thin (arm64) [dev.hermesengine.iphoneos]
2023-08-30 06:37:22 +0000  /usr/bin/codesign exited with 0
2023-08-30 06:37:22 +0000  Entitlements for <IDEDistributionItem: 0x6000335e1260; bundleID='com.apple.dt.runtime.swiftConcurrency', path='<DVTFilePath:0x60001be60180:'/Users/yogesh/Library/Developer/Xcode/Archives/2023-08-30/HMSPrebuiltSample 30-08-23, 12.05 PM.xcarchive/Products/Applications/HMSPrebuiltSample.app/Frameworks/libswift_Concurrency.dylib'>', codeSigningInfo='<_DVTCodeSigningInformation_Path: 0x60000b1ac780; isSigned='1', isAdHocSigned='0', signingCertificate='<DVTSigningCertificate: 0x600016758210; name='Apple Development: Yogesh Singh (67BD6X9RQ5)', hash='DED2563FCA7DF4E5E181FEE9F0DC4CFC9AA82B3C', serialNumber='7FFE2F9F58D1314DCC36E9BE02CD1803', certificateKinds='(
    "1.2.840.113635.100.6.1.12",
    "1.2.840.113635.100.6.1.2"
), issueDate='2023-03-07 07:53:53 +0000''>', entitlements='(null)', teamID='5N85PP82A9', identifier='com.apple.dt.runtime.swiftConcurrency', executablePath='<DVTFilePath:0x60001be60180:'/Users/yogesh/Library/Developer/Xcode/Archives/2023-08-30/HMSPrebuiltSample 30-08-23, 12.05 PM.xcarchive/Products/Applications/HMSPrebuiltSample.app/Frameworks/libswift_Concurrency.dylib'>', hardenedRuntime='0'>'>: {
}
2023-08-30 06:37:22 +0000  Entitlements for <IDEDistributionItem: 0x6000335e1260; bundleID='com.apple.dt.runtime.swiftConcurrency', path='<DVTFilePath:0x60001be60180:'/Users/yogesh/Library/Developer/Xcode/Archives/2023-08-30/HMSPrebuiltSample 30-08-23, 12.05 PM.xcarchive/Products/Applications/HMSPrebuiltSample.app/Frameworks/libswift_Concurrency.dylib'>', codeSigningInfo='<_DVTCodeSigningInformation_Path: 0x60000b1ac780; isSigned='1', isAdHocSigned='0', signingCertificate='<DVTSigningCertificate: 0x600016758a50; name='Apple Development: Yogesh Singh (67BD6X9RQ5)', hash='DED2563FCA7DF4E5E181FEE9F0DC4CFC9AA82B3C', serialNumber='7FFE2F9F58D1314DCC36E9BE02CD1803', certificateKinds='(
    "1.2.840.113635.100.6.1.12",
    "1.2.840.113635.100.6.1.2"
), issueDate='2023-03-07 07:53:53 +0000''>', entitlements='(null)', teamID='5N85PP82A9', identifier='com.apple.dt.runtime.swiftConcurrency', executablePath='<DVTFilePath:0x60001be60180:'/Users/yogesh/Library/Developer/Xcode/Archives/2023-08-30/HMSPrebuiltSample 30-08-23, 12.05 PM.xcarchive/Products/Applications/HMSPrebuiltSample.app/Frameworks/libswift_Concurrency.dylib'>', hardenedRuntime='0'>'> are: {
}
2023-08-30 06:37:22 +0000  Writing entitlements for <IDEDistributionItem: 0x6000335e1260; bundleID='com.apple.dt.runtime.swiftConcurrency', path='<DVTFilePath:0x60001be60180:'/Users/yogesh/Library/Developer/Xcode/Archives/2023-08-30/HMSPrebuiltSample 30-08-23, 12.05 PM.xcarchive/Products/Applications/HMSPrebuiltSample.app/Frameworks/libswift_Concurrency.dylib'>', codeSigningInfo='<_DVTCodeSigningInformation_Path: 0x60000b1ac780; isSigned='1', isAdHocSigned='0', signingCertificate='<DVTSigningCertificate: 0x60001670d1e0; name='Apple Development: Yogesh Singh (67BD6X9RQ5)', hash='DED2563FCA7DF4E5E181FEE9F0DC4CFC9AA82B3C', serialNumber='7FFE2F9F58D1314DCC36E9BE02CD1803', certificateKinds='(
    "1.2.840.113635.100.6.1.12",
    "1.2.840.113635.100.6.1.2"
), issueDate='2023-03-07 07:53:53 +0000''>', entitlements='(null)', teamID='5N85PP82A9', identifier='com.apple.dt.runtime.swiftConcurrency', executablePath='<DVTFilePath:0x60001be60180:'/Users/yogesh/Library/Developer/Xcode/Archives/2023-08-30/HMSPrebuiltSample 30-08-23, 12.05 PM.xcarchive/Products/Applications/HMSPrebuiltSample.app/Frameworks/libswift_Concurrency.dylib'>', hardenedRuntime='0'>'> to: /var/folders/s4/2l096pdd0w95k0dcl4r7_d100000gn/T/XcodeDistPipeline.~~~of2ebo/entitlements~~~umrT1O
2023-08-30 06:37:22 +0000  Running /usr/bin/codesign '-vvv' '--force' '--sign' '63611E77D24E014297309837456FC26F05C2CCA8' '--entitlements' '/var/folders/s4/2l096pdd0w95k0dcl4r7_d100000gn/T/XcodeDistPipeline.~~~of2ebo/entitlements~~~umrT1O' '--generate-entitlement-der' '--preserve-metadata=identifier,flags,runtime' '/var/folders/s4/2l096pdd0w95k0dcl4r7_d100000gn/T/XcodeDistPipeline.~~~of2ebo/Root/Payload/HMSPrebuiltSample.app/Frameworks/libswift_Concurrency.dylib'
2023-08-30 06:37:22 +0000  /var/folders/s4/2l096pdd0w95k0dcl4r7_d100000gn/T/XcodeDistPipeline.~~~of2ebo/Root/Payload/HMSPrebuiltSample.app/Frameworks/libswift_Concurrency.dylib: replacing existing signature
2023-08-30 06:37:22 +0000  /var/folders/s4/2l096pdd0w95k0dcl4r7_d100000gn/T/XcodeDistPipeline.~~~of2ebo/Root/Payload/HMSPrebuiltSample.app/Frameworks/libswift_Concurrency.dylib: signed Mach-O thin (arm64) [com.apple.dt.runtime.swiftConcurrency]
2023-08-30 06:37:22 +0000  /usr/bin/codesign exited with 0
2023-08-30 06:37:22 +0000  Entitlements for <IDEDistributionItem: 0x6000335f4ba0; bundleID='org.name.HMSPrebuiltSample', path='<DVTFilePath:0x6000138b2450:'/Users/yogesh/Library/Developer/Xcode/Archives/2023-08-30/HMSPrebuiltSample 30-08-23, 12.05 PM.xcarchive/Products/Applications/HMSPrebuiltSample.app'>', codeSigningInfo='<_DVTCodeSigningInformation_Path: 0x60000b1f9b30; isSigned='1', isAdHocSigned='0', signingCertificate='<DVTSigningCertificate: 0x600016758210; name='Apple Development: Yogesh Singh (67BD6X9RQ5)', hash='DED2563FCA7DF4E5E181FEE9F0DC4CFC9AA82B3C', serialNumber='7FFE2F9F58D1314DCC36E9BE02CD1803', certificateKinds='(
    "1.2.840.113635.100.6.1.12",
    "1.2.840.113635.100.6.1.2"
), issueDate='2023-03-07 07:53:53 +0000''>', entitlements='{
    "application-identifier" = "5N85PP82A9.org.name.HMSPrebuiltSample";
    "com.apple.developer.team-identifier" = 5N85PP82A9;
    "get-task-allow" = 1;
}', teamID='5N85PP82A9', identifier='org.name.HMSPrebuiltSample', executablePath='<DVTFilePath:0x60001385bcd0:'/Users/yogesh/Library/Developer/Xcode/Archives/2023-08-30/HMSPrebuiltSample 30-08-23, 12.05 PM.xcarchive/Products/Applications/HMSPrebuiltSample.app/HMSPrebuiltSample'>', hardenedRuntime='0'>'>: {
    "application-identifier" = "5N85PP82A9.org.name.HMSPrebuiltSample";
    "beta-reports-active" = 1;
    "com.apple.developer.team-identifier" = 5N85PP82A9;
    "get-task-allow" = 0;
}
2023-08-30 06:37:22 +0000  Entitlements for <IDEDistributionItem: 0x6000335f4ba0; bundleID='org.name.HMSPrebuiltSample', path='<DVTFilePath:0x6000138b2450:'/Users/yogesh/Library/Developer/Xcode/Archives/2023-08-30/HMSPrebuiltSample 30-08-23, 12.05 PM.xcarchive/Products/Applications/HMSPrebuiltSample.app'>', codeSigningInfo='<_DVTCodeSigningInformation_Path: 0x60000b1f9b30; isSigned='1', isAdHocSigned='0', signingCertificate='<DVTSigningCertificate: 0x60001670d130; name='Apple Development: Yogesh Singh (67BD6X9RQ5)', hash='DED2563FCA7DF4E5E181FEE9F0DC4CFC9AA82B3C', serialNumber='7FFE2F9F58D1314DCC36E9BE02CD1803', certificateKinds='(
    "1.2.840.113635.100.6.1.12",
    "1.2.840.113635.100.6.1.2"
), issueDate='2023-03-07 07:53:53 +0000''>', entitlements='{
    "application-identifier" = "5N85PP82A9.org.name.HMSPrebuiltSample";
    "com.apple.developer.team-identifier" = 5N85PP82A9;
    "get-task-allow" = 1;
}', teamID='5N85PP82A9', identifier='org.name.HMSPrebuiltSample', executablePath='<DVTFilePath:0x60001385bcd0:'/Users/yogesh/Library/Developer/Xcode/Archives/2023-08-30/HMSPrebuiltSample 30-08-23, 12.05 PM.xcarchive/Products/Applications/HMSPrebuiltSample.app/HMSPrebuiltSample'>', hardenedRuntime='0'>'> are: {
    "application-identifier" = "5N85PP82A9.org.name.HMSPrebuiltSample";
    "beta-reports-active" = 1;
    "com.apple.developer.team-identifier" = 5N85PP82A9;
    "get-task-allow" = 0;
}
2023-08-30 06:37:22 +0000  Writing entitlements for <IDEDistributionItem: 0x6000335f4ba0; bundleID='org.name.HMSPrebuiltSample', path='<DVTFilePath:0x6000138b2450:'/Users/yogesh/Library/Developer/Xcode/Archives/2023-08-30/HMSPrebuiltSample 30-08-23, 12.05 PM.xcarchive/Products/Applications/HMSPrebuiltSample.app'>', codeSigningInfo='<_DVTCodeSigningInformation_Path: 0x60000b1f9b30; isSigned='1', isAdHocSigned='0', signingCertificate='<DVTSigningCertificate: 0x60001670cb00; name='Apple Development: Yogesh Singh (67BD6X9RQ5)', hash='DED2563FCA7DF4E5E181FEE9F0DC4CFC9AA82B3C', serialNumber='7FFE2F9F58D1314DCC36E9BE02CD1803', certificateKinds='(
    "1.2.840.113635.100.6.1.12",
    "1.2.840.113635.100.6.1.2"
), issueDate='2023-03-07 07:53:53 +0000''>', entitlements='{
    "application-identifier" = "5N85PP82A9.org.name.HMSPrebuiltSample";
    "com.apple.developer.team-identifier" = 5N85PP82A9;
    "get-task-allow" = 1;
}', teamID='5N85PP82A9', identifier='org.name.HMSPrebuiltSample', executablePath='<DVTFilePath:0x60001385bcd0:'/Users/yogesh/Library/Developer/Xcode/Archives/2023-08-30/HMSPrebuiltSample 30-08-23, 12.05 PM.xcarchive/Products/Applications/HMSPrebuiltSample.app/HMSPrebuiltSample'>', hardenedRuntime='0'>'> to: /var/folders/s4/2l096pdd0w95k0dcl4r7_d100000gn/T/XcodeDistPipeline.~~~of2ebo/entitlements~~~tS8pVm
2023-08-30 06:37:22 +0000  Running /usr/bin/codesign '-vvv' '--force' '--sign' '63611E77D24E014297309837456FC26F05C2CCA8' '--entitlements' '/var/folders/s4/2l096pdd0w95k0dcl4r7_d100000gn/T/XcodeDistPipeline.~~~of2ebo/entitlements~~~tS8pVm' '--generate-entitlement-der' '--preserve-metadata=identifier,flags,runtime' '/var/folders/s4/2l096pdd0w95k0dcl4r7_d100000gn/T/XcodeDistPipeline.~~~of2ebo/Root/Payload/HMSPrebuiltSample.app'
2023-08-30 06:37:22 +0000  /var/folders/s4/2l096pdd0w95k0dcl4r7_d100000gn/T/XcodeDistPipeline.~~~of2ebo/Root/Payload/HMSPrebuiltSample.app: replacing existing signature
2023-08-30 06:37:22 +0000  /var/folders/s4/2l096pdd0w95k0dcl4r7_d100000gn/T/XcodeDistPipeline.~~~of2ebo/Root/Payload/HMSPrebuiltSample.app: signed app bundle with Mach-O thin (arm64) [org.name.HMSPrebuiltSample]
2023-08-30 06:37:22 +0000  /usr/bin/codesign exited with 0
2023-08-30 06:37:22 +0000  Processing step: IDEDistributionZipODRItemStep
2023-08-30 06:37:22 +0000  Skipping step: IDEDistributionZipODRItemStep because it said so
2023-08-30 06:37:22 +0000  Skipping step: IDEDistributionZipODRItemStep because it said so
2023-08-30 06:37:22 +0000  Skipping step: IDEDistributionZipODRItemStep because it said so
2023-08-30 06:37:22 +0000  Processing step: IDEDistributionCreateIPAStep
2023-08-30 06:37:22 +0000  Running /usr/bin/rsync '-8aPhhE' '/var/folders/s4/2l096pdd0w95k0dcl4r7_d100000gn/T/XcodeDistPipeline.~~~of2ebo/Symbols' '--link-dest' '/var/folders/s4/2l096pdd0w95k0dcl4r7_d100000gn/T/XcodeDistPipeline.~~~of2ebo' '/var/folders/s4/2l096pdd0w95k0dcl4r7_d100000gn/T/XcodeDistPipeline.~~~of2ebo/Root'
2023-08-30 06:37:22 +0000  building file list ... 
2023-08-30 06:37:22 +0000   0 files...2023-08-30 06:37:22 +0000  3 files to consider
2023-08-30 06:37:22 +0000  Symbols/
2023-08-30 06:37:22 +0000  
2023-08-30 06:37:22 +0000  sent 195 bytes  received 26 bytes  442.00 bytes/sec
total size is 12.54M  speedup is 59509.57
2023-08-30 06:37:22 +0000  /usr/bin/rsync exited with 0
2023-08-30 06:37:22 +0000  Running /usr/bin/ditto '-V' '-c' '-k' '--norsrc' '/var/folders/s4/2l096pdd0w95k0dcl4r7_d100000gn/T/XcodeDistPipeline.~~~of2ebo/Root' '/var/folders/s4/2l096pdd0w95k0dcl4r7_d100000gn/T/XcodeDistPipeline.~~~of2ebo/Packages/HMSPrebuiltSample.ipa'
2023-08-30 06:37:22 +0000  >>> Copying /var/folders/s4/2l096pdd0w95k0dcl4r7_d100000gn/T/XcodeDistPipeline.~~~of2ebo/Root 
2023-08-30 06:37:22 +0000  copying file ./Payload/HMSPrebuiltSample.app/_CodeSignature/CodeResources ... 
2023-08-30 06:37:22 +0000  5860 bytes for ./Payload/HMSPrebuiltSample.app/_CodeSignature/CodeResources
2023-08-30 06:37:22 +0000  copying file ./Payload/HMSPrebuiltSample.app/SplashScreen.storyboardc/EXPO-VIEWCONTROLLER-1-view-EXPO-ContainerView.nib ... 
2023-08-30 06:37:22 +0000  2242 bytes for ./Payload/HMSPrebuiltSample.app/SplashScreen.storyboardc/EXPO-VIEWCONTROLLER-1-view-EXPO-ContainerView.nib
2023-08-30 06:37:22 +0000  copying file ./Payload/HMSPrebuiltSample.app/SplashScreen.storyboardc/SplashScreenViewController.nib ... 
2023-08-30 06:37:22 +0000  976 bytes for ./Payload/HMSPrebuiltSample.app/SplashScreen.storyboardc/SplashScreenViewController.nib
2023-08-30 06:37:22 +0000  copying file ./Payload/HMSPrebuiltSample.app/SplashScreen.storyboardc/Info.plist ... 
2023-08-30 06:37:22 +0000  225 bytes for ./Payload/HMSPrebuiltSample.app/SplashScreen.storyboardc/Info.plist
2023-08-30 06:37:22 +0000  copying file ./Payload/HMSPrebuiltSample.app/HMSPrebuiltSample ... 
2023-08-30 06:37:22 +0000  3914512 bytes for ./Payload/HMSPrebuiltSample.app/HMSPrebuiltSample
2023-08-30 06:37:22 +0000  copying file ./Payload/HMSPrebuiltSample.app/AccessibilityResources.bundle/en.lproj/Localizable.strings ... 
518 bytes for ./Payload/HMSPrebuiltSample.app/AccessibilityResources.bundle/en.lproj/Localizable.strings
copying file ./Payload/HMSPrebuiltSample.app/AccessibilityResources.bundle/Info.plist ... 
793 bytes for ./Payload/HMSPrebuiltSample.app/AccessibilityResources.bundle/Info.plist
copying file ./Payload/HMSPrebuiltSample.app/Assets.car ... 
2023-08-30 06:37:22 +0000  35855 bytes for ./Payload/HMSPrebuiltSample.app/Assets.car
copying file ./Payload/HMSPrebuiltSample.app/main.jsbundle ... 
2023-08-30 06:37:22 +0000  1412619 bytes for ./Payload/HMSPrebuiltSample.app/main.jsbundle
2023-08-30 06:37:22 +0000  copying file ./Payload/HMSPrebuiltSample.app/EXConstants.bundle/app.config ... 
2023-08-30 06:37:22 +0000  156 bytes for ./Payload/HMSPrebuiltSample.app/EXConstants.bundle/app.config
copying file ./Payload/HMSPrebuiltSample.app/EXConstants.bundle/Info.plist ... 
2023-08-30 06:37:22 +0000  769 bytes for ./Payload/HMSPrebuiltSample.app/EXConstants.bundle/Info.plist
2023-08-30 06:37:22 +0000  copying file ./Payload/HMSPrebuiltSample.app/Frameworks/libswift_Concurrency.dylib ... 
2023-08-30 06:37:22 +0000  557968 bytes for ./Payload/HMSPrebuiltSample.app/Frameworks/libswift_Concurrency.dylib
2023-08-30 06:37:22 +0000  copying file ./Payload/HMSPrebuiltSample.app/Frameworks/hermes.framework/_CodeSignature/CodeResources ... 
2023-08-30 06:37:22 +0000  1798 bytes for ./Payload/HMSPrebuiltSample.app/Frameworks/hermes.framework/_CodeSignature/CodeResources
2023-08-30 06:37:22 +0000  copying file ./Payload/HMSPrebuiltSample.app/Frameworks/hermes.framework/hermes ... 
2023-08-30 06:37:22 +0000  3240672 bytes for ./Payload/HMSPrebuiltSample.app/Frameworks/hermes.framework/hermes
2023-08-30 06:37:22 +0000  copying file ./Payload/HMSPrebuiltSample.app/Frameworks/hermes.framework/Info.plist ... 
807 bytes for ./Payload/HMSPrebuiltSample.app/Frameworks/hermes.framework/Info.plist
copying file ./Payload/HMSPrebuiltSample.app/embedded.mobileprovision ... 
2023-08-30 06:37:22 +0000  14480 bytes for ./Payload/HMSPrebuiltSample.app/embedded.mobileprovision
copying file ./Payload/HMSPrebuiltSample.app/Info.plist ... 
2023-08-30 06:37:22 +0000  1328 bytes for ./Payload/HMSPrebuiltSample.app/Info.plist
copying file ./Payload/HMSPrebuiltSample.app/Expo.plist ... 
2023-08-30 06:37:22 +0000  133 bytes for ./Payload/HMSPrebuiltSample.app/Expo.plist
copying file ./Payload/HMSPrebuiltSample.app/PkgInfo ... 
8 bytes for ./Payload/HMSPrebuiltSample.app/PkgInfo
2023-08-30 06:37:22 +0000  copying file ./SwiftSupport/iphoneos/libswift_Concurrency.dylib ... 
2023-08-30 06:37:22 +0000  7741808 bytes for ./SwiftSupport/iphoneos/libswift_Concurrency.dylib
2023-08-30 06:37:22 +0000  copying file ./Symbols/249B2B8E-BF47-3411-A979-71AF14681D5D.symbols ... 
2023-08-30 06:37:22 +0000  288420 bytes for ./Symbols/249B2B8E-BF47-3411-A979-71AF14681D5D.symbols
2023-08-30 06:37:22 +0000  copying file ./Symbols/D23A1FB0-8AD3-3AAB-AF5C-6B66B5BA68CC.symbols ... 
2023-08-30 06:37:23 +0000  12863196 bytes for ./Symbols/D23A1FB0-8AD3-3AAB-AF5C-6B66B5BA68CC.symbols
2023-08-30 06:37:23 +0000  /usr/bin/ditto exited with 0
2023-08-30 06:37:23 +0000  Processing step: IDEDistributionAppStoreInformationStep
2023-08-30 06:37:23 +0000  Skipping step: IDEDistributionAppStoreInformationStep because it said so
2023-08-30 06:37:23 +0000  Processing step: IDEDistributionGenerateProcessedDistributionItems
2023-08-30 06:37:23 +0000  IDEDistributionItem init <DVTFilePath:0x60001be47280:'/var/folders/s4/2l096pdd0w95k0dcl4r7_d100000gn/T/XcodeDistPipeline.~~~of2ebo/Root/Payload/HMSPrebuiltSample.app/Frameworks/libswift_Concurrency.dylib'>
2023-08-30 06:37:23 +0000  [OPTIONAL] Can't have a profile, not a bundle at <DVTFilePath:0x60001be47280:'/var/folders/s4/2l096pdd0w95k0dcl4r7_d100000gn/T/XcodeDistPipeline.~~~of2ebo/Root/Payload/HMSPrebuiltSample.app/Frameworks/libswift_Concurrency.dylib'>
2023-08-30 06:37:23 +0000  IDEDistributionItem init <DVTFilePath:0x600027bd0e00:'/var/folders/s4/2l096pdd0w95k0dcl4r7_d100000gn/T/XcodeDistPipeline.~~~of2ebo/Root/Payload/HMSPrebuiltSample.app/Frameworks/hermes.framework'>
2023-08-30 06:37:23 +0000  IDEDistributionItem init <DVTFilePath:0x600013baef40:'/var/folders/s4/2l096pdd0w95k0dcl4r7_d100000gn/T/XcodeDistPipeline.~~~of2ebo/Root/Payload/HMSPrebuiltSample.app'>
2023-08-30 06:37:23 +0000  Processing step: IDEDistributionCreateManifestStep
2023-08-30 06:37:23 +0000  Skipping step: IDEDistributionCreateManifestStep because it said so
